This file contains any messages produced by compilers while
running configure, to aid debugging if configure makes a mistake.

configure:540: checking for gcc
configure:653: checking whether the C compiler (gcc  ) works
configure:669: gcc -o conftest    conftest.c  1>&5
configure:666:1: warning: return type defaults to 'int' [-Wimplicit-int]
 main(){return(0);}
 ^~~~
configure:695: checking whether the C compiler (gcc  ) is a cross-compiler
configure:700: checking whether we are using GNU C
configure:709: gcc -E conftest.c
configure:728: checking whether gcc accepts -g
configure:790: checking for a BSD compatible install
configure:849: checking host system type
configure:870: checking build system type
configure:896: checking for ar
configure:928: checking for ranlib
configure:994: checking how to run the C preprocessor
configure:1015: gcc -E  conftest.c >/dev/null 2>conftest.out
configure:1077: checking for unistd.h
configure:1087: gcc -E  conftest.c >/dev/null 2>conftest.out
configure:1116: checking for getpagesize
configure:1144: gcc -o conftest -g -O2   conftest.c  1>&5
configure:1169: checking for working mmap
configure:1317: gcc -o conftest -g -O2   conftest.c  1>&5
configure:1248:7: warning: conflicting types for built-in function 'malloc' [-Wbuiltin-declaration-mismatch]
 char *malloc();
       ^~~~~~
configure: In function 'main':
configure:1258:13: warning: implicit declaration of function 'getpagesize' [-Wimplicit-function-declaration]
  pagesize = getpagesize();
             ^~~~~~~~~~~
configure:1265:3: warning: implicit declaration of function 'exit' [-Wimplicit-function-declaration]
   exit(1);
   ^~~~
configure:1265:3: warning: incompatible implicit declaration of built-in function 'exit'
configure:1265:3: note: include '<stdlib.h>' or provide a declaration of 'exit'
configure:1267:17: warning: implicit declaration of function 'rand' [-Wimplicit-function-declaration]
   *(data + i) = rand();
                 ^~~~
configure:1268:2: warning: implicit declaration of function 'umask' [-Wimplicit-function-declaration]
  umask(0);
  ^~~~~
configure:1271:3: warning: incompatible implicit declaration of built-in function 'exit'
   exit(1);
   ^~~~
configure:1271:3: note: include '<stdlib.h>' or provide a declaration of 'exit'
configure:1272:6: warning: implicit declaration of function 'write' [-Wimplicit-function-declaration]
  if (write(fd, data, pagesize) != pagesize)
      ^~~~~
configure:1273:3: warning: incompatible implicit declaration of built-in function 'exit'
   exit(1);
   ^~~~
configure:1273:3: note: include '<stdlib.h>' or provide a declaration of 'exit'
configure:1274:2: warning: implicit declaration of function 'close' [-Wimplicit-function-declaration]
  close(fd);
  ^~~~~
configure:1283:3: warning: incompatible implicit declaration of built-in function 'exit'
   exit(1);
   ^~~~
configure:1283:3: note: include '<stdlib.h>' or provide a declaration of 'exit'
configure:1286:3: warning: incompatible implicit declaration of built-in function 'exit'
   exit(1);
   ^~~~
configure:1286:3: note: include '<stdlib.h>' or provide a declaration of 'exit'
configure:1287:24: warning: cast from pointer to integer of different size [-Wpointer-to-int-cast]
  data2 += (pagesize - ((int) data2 & (pagesize - 1))) & (pagesize - 1);
                        ^
configure:1290:3: warning: incompatible implicit declaration of built-in function 'exit'
   exit(1);
   ^~~~
configure:1290:3: note: include '<stdlib.h>' or provide a declaration of 'exit'
configure:1293:4: warning: incompatible implicit declaration of built-in function 'exit'
    exit(1);
    ^~~~
configure:1293:4: note: include '<stdlib.h>' or provide a declaration of 'exit'
configure:1304:3: warning: incompatible implicit declaration of built-in function 'exit'
   exit(1);
   ^~~~
configure:1304:3: note: include '<stdlib.h>' or provide a declaration of 'exit'
configure:1305:6: warning: implicit declaration of function 'read'; did you mean 'creat'? [-Wimplicit-function-declaration]
  if (read(fd, data3, pagesize) != pagesize)
      ^~~~
      creat
configure:1306:3: warning: incompatible implicit declaration of built-in function 'exit'
   exit(1);
   ^~~~
configure:1306:3: note: include '<stdlib.h>' or provide a declaration of 'exit'
configure:1309:4: warning: incompatible implicit declaration of built-in function 'exit'
    exit(1);
    ^~~~
configure:1309:4: note: include '<stdlib.h>' or provide a declaration of 'exit'
configure:1311:2: warning: implicit declaration of function 'unlink'; did you mean 'munlock'? [-Wimplicit-function-declaration]
  unlink("conftestmmap");
  ^~~~~~
  munlock
configure:1312:2: warning: incompatible implicit declaration of built-in function 'exit'
  exit(0);
  ^~~~
configure:1312:2: note: include '<stdlib.h>' or provide a declaration of 'exit'
configure:1343: checking for limits.h
configure:1353: gcc -E  conftest.c >/dev/null 2>conftest.out
configure:1343: checking for stddef.h
configure:1353: gcc -E  conftest.c >/dev/null 2>conftest.out
configure:1343: checking for unistd.h
configure:1381: checking whether sbrk must be declared
configure:1407: gcc -c -g -O2  conftest.c 1>&5
configure:1428: checking whether getpagesize must be declared
configure:1454: gcc -c -g -O2  conftest.c 1>&5
